# JRE version: OpenJDK Runtime Environment (17.0.9) (build 17.0.9+0--11185874)
# Java VM: OpenJDK 64-Bit Server VM (17.0.9+0--11185874, mixed mode, tiered, compressed oops, compressed class ptrs, g1 gc, windows-amd64)
GC Precious Log:
 CPUs: 8 total, 8 available
 Memory: 7834M
 Large Page Support: Disabled
 NUMA Support: Disabled
 Compressed Oops: Enabled (32-bit)
 Heap Region Size: 1M
 Heap Min Capacity: 8M
 Heap Initial Capacity: 124M
 Heap Max Capacity: 1960M
 Pre-touch: Disabled
 Parallel Workers: 8
 Concurrent Workers: 2
 Concurrent Refinement Workers: 8
 Periodic GC: Disabled
Heap:
 garbage-first heap   total 115712K, used 63945K [0x0000000085800000, 0x0000000100000000)
  region size 1024K, 16 young (16384K), 6 survivors (6144K)
 Metaspace       used 69585K, committed 69824K, reserved 1114112K
  class space    used 7988K, committed 8064K, reserved 1048576K
GC Heap History (20 events):
Event: 2.753 GC heap before
{Heap before GC invocations=10 (full 0):
 garbage-first heap   total 68608K, used 53757K [0x0000000085800000, 0x0000000100000000)
  region size 1024K, 36 young (36864K), 2 survivors (2048K)
 Metaspace       used 43816K, committed 44032K, reserved 1114112K
  class space    used 5388K, committed 5504K, reserved 1048576K
}
Event: 2.759 GC heap after
{Heap after GC invocations=11 (full 0):
 garbage-first heap   total 68608K, used 21504K [0x0000000085800000, 0x0000000100000000)
  region size 1024K, 4 young (4096K), 4 survivors (4096K)
 Metaspace       used 43816K, committed 44032K, reserved 1114112K
  class space    used 5388K, committed 5504K, reserved 1048576K
}
Event: 3.096 GC heap before
{Heap before GC invocations=11 (full 0):
 garbage-first heap   total 68608K, used 55296K [0x0000000085800000, 0x0000000100000000)
  region size 1024K, 34 young (34816K), 4 survivors (4096K)
 Metaspace       used 46692K, committed 46912K, reserved 1114112K
  class space    used 5709K, committed 5824K, reserved 1048576K
}
Event: 3.112 GC heap after
{Heap after GC invocations=12 (full 0):
 garbage-first heap   total 68608K, used 29995K [0x0000000085800000, 0x0000000100000000)
  region size 1024K, 5 young (5120K), 5 survivors (5120K)
 Metaspace       used 46692K, committed 46912K, reserved 1114112K
  class space    used 5709K, committed 5824K, reserved 1048576K
}
Event: 3.271 GC heap before
{Heap before GC invocations=12 (full 0):
 garbage-first heap   total 68608K, used 51499K [0x0000000085800000, 0x0000000100000000)
  region size 1024K, 26 young (26624K), 5 survivors (5120K)
 Metaspace       used 48491K, committed 48704K, reserved 1114112K
  class space    used 5917K, committed 6016K, reserved 1048576K
}
Event: 3.282 GC heap after
{Heap after GC invocations=13 (full 0):
 garbage-first heap   total 82944K, used 31437K [0x0000000085800000, 0x0000000100000000)
  region size 1024K, 2 young (2048K), 2 survivors (2048K)
 Metaspace       used 48491K, committed 48704K, reserved 1114112K
  class space    used 5917K, committed 6016K, reserved 1048576K
}
Event: 3.861 GC heap before
{Heap before GC invocations=13 (full 0):
 garbage-first heap   total 82944K, used 63181K [0x0000000085800000, 0x0000000100000000)
  region size 1024K, 33 young (33792K), 2 survivors (2048K)
 Metaspace       used 50259K, committed 50432K, reserved 1114112K
  class space    used 6012K, committed 6080K, reserved 1048576K
}
Event: 3.873 GC heap after
{Heap after GC invocations=14 (full 0):
 garbage-first heap   total 82944K, used 37667K [0x0000000085800000, 0x0000000100000000)
  region size 1024K, 5 young (5120K), 5 survivors (5120K)
 Metaspace       used 50259K, committed 50432K, reserved 1114112K
  class space    used 6012K, committed 6080K, reserved 1048576K
}
Event: 4.087 GC heap before
{Heap before GC invocations=14 (full 0):
 garbage-first heap   total 82944K, used 61219K [0x0000000085800000, 0x0000000100000000)
  region size 1024K, 29 young (29696K), 5 survivors (5120K)
 Metaspace       used 51122K, committed 51328K, reserved 1114112K
  class space    used 6081K, committed 6144K, reserved 1048576K
}
Event: 4.099 GC heap after
{Heap after GC invocations=15 (full 0):
 garbage-first heap   total 82944K, used 40834K [0x0000000085800000, 0x0000000100000000)
  region size 1024K, 3 young (3072K), 3 survivors (3072K)
 Metaspace       used 51122K, committed 51328K, reserved 1114112K
  class space    used 6081K, committed 6144K, reserved 1048576K
}
Event: 4.360 GC heap before
{Heap before GC invocations=15 (full 0):
 garbage-first heap   total 82944K, used 62338K [0x0000000085800000, 0x0000000100000000)
  region size 1024K, 25 young (25600K), 3 survivors (3072K)
 Metaspace       used 53882K, committed 54144K, reserved 1114112K
  class space    used 6421K, committed 6528K, reserved 1048576K
}
Event: 4.370 GC heap after
{Heap after GC invocations=16 (full 0):
 garbage-first heap   total 82944K, used 43207K [0x0000000085800000, 0x0000000100000000)
  region size 1024K, 3 young (3072K), 3 survivors (3072K)
 Metaspace       used 53882K, committed 54144K, reserved 1114112K
  class space    used 6421K, committed 6528K, reserved 1048576K
}
Event: 4.813 GC heap before
{Heap before GC invocations=17 (full 0):
 garbage-first heap   total 82944K, used 64711K [0x0000000085800000, 0x0000000100000000)
  region size 1024K, 24 young (24576K), 3 survivors (3072K)
 Metaspace       used 55516K, committed 55744K, reserved 1114112K
  class space    used 6574K, committed 6656K, reserved 1048576K
}
Event: 4.822 GC heap after
{Heap after GC invocations=18 (full 0):
 garbage-first heap   total 82944K, used 45701K [0x0000000085800000, 0x0000000100000000)
  region size 1024K, 3 young (3072K), 3 survivors (3072K)
 Metaspace       used 55516K, committed 55744K, reserved 1114112K
  class space    used 6574K, committed 6656K, reserved 1048576K
}
Event: 4.854 GC heap before
{Heap before GC invocations=18 (full 0):
 garbage-first heap   total 82944K, used 46725K [0x0000000085800000, 0x0000000100000000)
  region size 1024K, 4 young (4096K), 3 survivors (3072K)
 Metaspace       used 55564K, committed 55744K, reserved 1114112K
  class space    used 6574K, committed 6656K, reserved 1048576K
}
Event: 4.859 GC heap after
{Heap after GC invocations=19 (full 0):
 garbage-first heap   total 115712K, used 45432K [0x0000000085800000, 0x0000000100000000)
  region size 1024K, 1 young (1024K), 1 survivors (1024K)
 Metaspace       used 55564K, committed 55744K, reserved 1114112K
  class space    used 6574K, committed 6656K, reserved 1048576K
}
Event: 5.597 GC heap before
{Heap before GC invocations=19 (full 0):
 garbage-first heap   total 115712K, used 87416K [0x0000000085800000, 0x0000000100000000)
  region size 1024K, 42 young (43008K), 1 survivors (1024K)
 Metaspace       used 62259K, committed 62464K, reserved 1114112K
  class space    used 7219K, committed 7296K, reserved 1048576K
}
Event: 5.609 GC heap after
{Heap after GC invocations=20 (full 0):
 garbage-first heap   total 115712K, used 49035K [0x0000000085800000, 0x0000000100000000)
  region size 1024K, 5 young (5120K), 5 survivors (5120K)
 Metaspace       used 62259K, committed 62464K, reserved 1114112K
  class space    used 7219K, committed 7296K, reserved 1048576K
}
Event: 6.114 GC heap before
{Heap before GC invocations=20 (full 0):
 garbage-first heap   total 115712K, used 87947K [0x0000000085800000, 0x0000000100000000)
  region size 1024K, 43 young (44032K), 5 survivors (5120K)
 Metaspace       used 68138K, committed 68416K, reserved 1114112K
  class space    used 7832K, committed 7936K, reserved 1048576K
}
Event: 6.127 GC heap after
{Heap after GC invocations=21 (full 0):
 garbage-first heap   total 115712K, used 54729K [0x0000000085800000, 0x0000000100000000)
  region size 1024K, 6 young (6144K), 6 survivors (6144K)
 Metaspace       used 68138K, committed 68416K, reserved 1114112K
  class space    used 7832K, committed 7936K, reserved 1048576K
}

