# JRE version: OpenJDK Runtime Environment (17.0.9) (build 17.0.9+0--11185874)
# Java VM: OpenJDK 64-Bit Server VM (17.0.9+0--11185874, mixed mode, tiered, compressed oops, compressed class ptrs, g1 gc, windows-amd64)
GC Precious Log:
 CPUs: 8 total, 8 available
 Memory: 7834M
 Large Page Support: Disabled
 NUMA Support: Disabled
 Compressed Oops: Enabled (32-bit)
 Heap Region Size: 1M
 Heap Min Capacity: 8M
 Heap Initial Capacity: 124M
 Heap Max Capacity: 1960M
 Pre-touch: Disabled
 Parallel Workers: 8
 Concurrent Workers: 2
 Concurrent Refinement Workers: 8
 Periodic GC: Disabled
Heap:
 garbage-first heap   total 134144K, used 56513K [0x0000000085800000, 0x0000000100000000)
  region size 1024K, 4 young (4096K), 2 survivors (2048K)
 Metaspace       used 74713K, committed 74944K, reserved 1179648K
  class space    used 8450K, committed 8576K, reserved 1048576K
GC Heap History (20 events):
Event: 2.684 GC heap before
{Heap before GC invocations=10 (full 0):
 garbage-first heap   total 68608K, used 54337K [0x0000000085800000, 0x0000000100000000)
  region size 1024K, 34 young (34816K), 5 survivors (5120K)
 Metaspace       used 46661K, committed 46912K, reserved 1114112K
  class space    used 5709K, committed 5824K, reserved 1048576K
}
Event: 2.703 GC heap after
{Heap after GC invocations=11 (full 0):
 garbage-first heap   total 68608K, used 29713K [0x0000000085800000, 0x0000000100000000)
  region size 1024K, 5 young (5120K), 5 survivors (5120K)
 Metaspace       used 46661K, committed 46912K, reserved 1114112K
  class space    used 5709K, committed 5824K, reserved 1048576K
}
Event: 2.874 GC heap before
{Heap before GC invocations=11 (full 0):
 garbage-first heap   total 68608K, used 50193K [0x0000000085800000, 0x0000000100000000)
  region size 1024K, 25 young (25600K), 5 survivors (5120K)
 Metaspace       used 47955K, committed 48128K, reserved 1114112K
  class space    used 5857K, committed 5952K, reserved 1048576K
}
Event: 2.882 GC heap after
{Heap after GC invocations=12 (full 0):
 garbage-first heap   total 93184K, used 30064K [0x0000000085800000, 0x0000000100000000)
  region size 1024K, 2 young (2048K), 2 survivors (2048K)
 Metaspace       used 47955K, committed 48128K, reserved 1114112K
  class space    used 5857K, committed 5952K, reserved 1048576K
}
Event: 3.533 GC heap before
{Heap before GC invocations=12 (full 0):
 garbage-first heap   total 93184K, used 70000K [0x0000000085800000, 0x0000000100000000)
  region size 1024K, 41 young (41984K), 2 survivors (2048K)
 Metaspace       used 50401K, committed 50688K, reserved 1114112K
  class space    used 6018K, committed 6144K, reserved 1048576K
}
Event: 3.554 GC heap after
{Heap after GC invocations=13 (full 0):
 garbage-first heap   total 93184K, used 37192K [0x0000000085800000, 0x0000000100000000)
  region size 1024K, 6 young (6144K), 6 survivors (6144K)
 Metaspace       used 50401K, committed 50688K, reserved 1114112K
  class space    used 6018K, committed 6144K, reserved 1048576K
}
Event: 3.837 GC heap before
{Heap before GC invocations=13 (full 0):
 garbage-first heap   total 93184K, used 68936K [0x0000000085800000, 0x0000000100000000)
  region size 1024K, 37 young (37888K), 6 survivors (6144K)
 Metaspace       used 53387K, committed 53632K, reserved 1114112K
  class space    used 6354K, committed 6464K, reserved 1048576K
}
Event: 3.857 GC heap after
{Heap after GC invocations=14 (full 0):
 garbage-first heap   total 93184K, used 40982K [0x0000000085800000, 0x0000000100000000)
  region size 1024K, 4 young (4096K), 4 survivors (4096K)
 Metaspace       used 53387K, committed 53632K, reserved 1114112K
  class space    used 6354K, committed 6464K, reserved 1048576K
}
Event: 4.283 GC heap before
{Heap before GC invocations=14 (full 0):
 garbage-first heap   total 93184K, used 71702K [0x0000000085800000, 0x0000000100000000)
  region size 1024K, 33 young (33792K), 4 survivors (4096K)
 Metaspace       used 55466K, committed 55680K, reserved 1114112K
  class space    used 6574K, committed 6656K, reserved 1048576K
}
Event: 4.296 GC heap after
{Heap after GC invocations=15 (full 0):
 garbage-first heap   total 93184K, used 45219K [0x0000000085800000, 0x0000000100000000)
  region size 1024K, 5 young (5120K), 5 survivors (5120K)
 Metaspace       used 55466K, committed 55680K, reserved 1114112K
  class space    used 6574K, committed 6656K, reserved 1048576K
}
Event: 4.783 GC heap before
{Heap before GC invocations=15 (full 0):
 garbage-first heap   total 93184K, used 71843K [0x0000000085800000, 0x0000000100000000)
  region size 1024K, 31 young (31744K), 5 survivors (5120K)
 Metaspace       used 60139K, committed 60416K, reserved 1114112K
  class space    used 7001K, committed 7104K, reserved 1048576K
}
Event: 4.792 GC heap after
{Heap after GC invocations=16 (full 0):
 garbage-first heap   total 134144K, used 47930K [0x0000000085800000, 0x0000000100000000)
  region size 1024K, 3 young (3072K), 3 survivors (3072K)
 Metaspace       used 60139K, committed 60416K, reserved 1114112K
  class space    used 7001K, committed 7104K, reserved 1048576K
}
Event: 4.797 GC heap before
{Heap before GC invocations=16 (full 0):
 garbage-first heap   total 134144K, used 47930K [0x0000000085800000, 0x0000000100000000)
  region size 1024K, 4 young (4096K), 3 survivors (3072K)
 Metaspace       used 60254K, committed 60480K, reserved 1114112K
  class space    used 7006K, committed 7104K, reserved 1048576K
}
Event: 4.801 GC heap after
{Heap after GC invocations=17 (full 0):
 garbage-first heap   total 134144K, used 47846K [0x0000000085800000, 0x0000000100000000)
  region size 1024K, 3 young (3072K), 3 survivors (3072K)
 Metaspace       used 60254K, committed 60480K, reserved 1114112K
  class space    used 7006K, committed 7104K, reserved 1048576K
}
Event: 5.544 GC heap before
{Heap before GC invocations=18 (full 0):
 garbage-first heap   total 134144K, used 102118K [0x0000000085800000, 0x0000000100000000)
  region size 1024K, 56 young (57344K), 3 survivors (3072K)
 Metaspace       used 68048K, committed 68288K, reserved 1114112K
  class space    used 7830K, committed 7936K, reserved 1048576K
}
Event: 5.556 GC heap after
{Heap after GC invocations=19 (full 0):
 garbage-first heap   total 134144K, used 54411K [0x0000000085800000, 0x0000000100000000)
  region size 1024K, 7 young (7168K), 7 survivors (7168K)
 Metaspace       used 68048K, committed 68288K, reserved 1114112K
  class space    used 7830K, committed 7936K, reserved 1048576K
}
Event: 5.564 GC heap before
{Heap before GC invocations=19 (full 0):
 garbage-first heap   total 134144K, used 55435K [0x0000000085800000, 0x0000000100000000)
  region size 1024K, 8 young (8192K), 7 survivors (7168K)
 Metaspace       used 68075K, committed 68352K, reserved 1114112K
  class space    used 7832K, committed 7936K, reserved 1048576K
}
Event: 5.573 GC heap after
{Heap after GC invocations=20 (full 0):
 garbage-first heap   total 134144K, used 54637K [0x0000000085800000, 0x0000000100000000)
  region size 1024K, 1 young (1024K), 1 survivors (1024K)
 Metaspace       used 68075K, committed 68352K, reserved 1114112K
  class space    used 7832K, committed 7936K, reserved 1048576K
}
Event: 6.102 GC heap before
{Heap before GC invocations=20 (full 0):
 garbage-first heap   total 134144K, used 101741K [0x0000000085800000, 0x0000000100000000)
  region size 1024K, 47 young (48128K), 1 survivors (1024K)
 Metaspace       used 74128K, committed 74368K, reserved 1179648K
  class space    used 8399K, committed 8512K, reserved 1048576K
}
Event: 6.106 GC heap after
{Heap after GC invocations=21 (full 0):
 garbage-first heap   total 134144K, used 55489K [0x0000000085800000, 0x0000000100000000)
  region size 1024K, 2 young (2048K), 2 survivors (2048K)
 Metaspace       used 74128K, committed 74368K, reserved 1179648K
  class space    used 8399K, committed 8512K, reserved 1048576K
}

